<?xml version="1.0" encoding="UTF-8"?>
<!-- Generated by org.testng.reporters.JUnitXMLReporter -->
<testsuite ignored="0" hostname="DESKTOP-QVM6J4J" failures="0" tests="2" name="TestChrome" time="4.993" errors="0" timestamp="2023-08-12T09:18:30 IST">
  <testcase classname="com.Testautomation.BrowserLaunch" name="@BeforeMethod setUp" time="3.17">
    <failure type="java.lang.NullPointerException">
      <![CDATA[java.lang.NullPointerException
at com.Testautomation.BrowserLaunch.setUp(BrowserLaunch.java:46)
at java.base/java.util.ArrayList.forEach(ArrayList.java:1540)
... Removed 31 stack frames]]>
    </failure>
  </testcase> <!-- @BeforeMethod setUp -->
  <testcase classname="com.Testautomation.BrowserLaunch" name="@AfterMethod tearDown" time="-1.69181210877E9">
    <skipped/>
  </testcase> <!-- @AfterMethod tearDown -->
  <testcase classname="com.Testautomation.BrowserLaunch" name="@BeforeMethod setUp" time="1.767">
    <failure type="java.lang.NullPointerException">
      <![CDATA[java.lang.NullPointerException
at com.Testautomation.BrowserLaunch.setUp(BrowserLaunch.java:46)
at java.base/java.util.ArrayList.forEach(ArrayList.java:1540)
... Removed 31 stack frames]]>
    </failure>
  </testcase> <!-- @BeforeMethod setUp -->
  <testcase classname="com.Testautomation.BrowserLaunch" name="@AfterMethod tearDown" time="-1.691812110552E9">
    <skipped/>
  </testcase> <!-- @AfterMethod tearDown -->
  <testcase classname="com.Testautomation.TestAutomation_S8" name="verify_TC_001" time="0.0">
    <skipped/>
  </testcase> <!-- verify_TC_001 -->
  <testcase classname="com.Testautomation.TestAutomation_S9" name="verifyTC_002" time="0.0">
    <skipped/>
  </testcase> <!-- verifyTC_002 -->
</testsuite> <!-- TestChrome -->
